2013-11-06 13:49:04,743 - convert_usaspending_contracts - INFO - Starting Command
2013-11-06 13:49:04,755 - convert_usaspending_contracts - INFO - Found file done
2013-11-06 13:49:04,756 - convert_usaspending_contracts - WARNING - done doesn't match the file pattern (*_All_*.csv). Rejecting.
2013-11-06 13:51:49,474 - convert_usaspending_contracts - INFO - Starting Command
2013-11-06 13:51:49,475 - convert_usaspending_contracts - INFO - Found file done
2013-11-06 13:51:49,475 - convert_usaspending_contracts - WARNING - done doesn't match the file pattern (*_All_*.csv). Rejecting.
2013-11-06 13:54:13,702 - convert_usaspending_contracts - INFO - Starting Command
2013-11-06 13:54:13,702 - convert_usaspending_contracts - INFO - Found file done
2013-11-06 13:54:13,703 - convert_usaspending_contracts - WARNING - done doesn't match the file pattern (*_All_*.csv). Rejecting.
2013-11-06 13:55:04,413 - convert_usaspending_contracts - INFO - Starting Command
2013-11-06 13:55:04,413 - convert_usaspending_contracts - INFO - Found file done
2013-11-06 13:55:04,413 - convert_usaspending_contracts - WARNING - done doesn't match the file pattern (*_All_*.csv). Rejecting.
2013-11-06 13:55:45,069 - convert_usaspending_contracts - INFO - Starting Command
2013-11-06 13:55:45,070 - convert_usaspending_contracts - INFO - Found file done
2013-11-06 13:55:45,070 - convert_usaspending_contracts - WARNING - done doesn't match the file pattern (*_All_*.csv). Rejecting.
2013-11-06 13:58:32,927 - convert_usaspending_contracts - INFO - Starting Command
2013-11-06 13:58:32,927 - convert_usaspending_contracts - INFO - Found file done
2013-11-06 13:58:32,927 - convert_usaspending_contracts - WARNING - done doesn't match the file pattern (*_All_*.csv). Rejecting.
2013-11-06 13:58:33,266 - convert_usaspending_contracts - INFO - Found file out
2013-11-06 13:58:33,267 - convert_usaspending_contracts - WARNING - out doesn't match the file pattern (*_All_*.csv). Rejecting.
2013-11-06 13:58:33,568 - convert_usaspending_contracts - INFO - Found file 2013_All_Contracts_Delta_20131015.csv
2013-11-06 13:58:33,568 - convert_usaspending_contracts - INFO - Starting...
2013-11-06 13:58:33,569 - convert_usaspending_contracts - ERROR - Unexpected error:
Traceback (most recent call last):
  File "/home/kaitlin/envs/retinaburner/retinaburner/retinaburner/usaspending/management/base/importer.py", line 78, in main_loop
    file_func(file_path)
  File "/home/kaitlin/envs/retinaburner/retinaburner/retinaburner/usaspending/management/base/usaspending_importer.py", line 45, in do_for_file
    self.parse_file(file_path, outfile_path, self.module.FIELDS, self.get_string_fields(), self.module.CALCULATED_FIELDS)
  File "/home/kaitlin/envs/retinaburner/retinaburner/retinaburner/usaspending/management/base/usaspending_importer.py", line 60, in parse_file
    writer = UnicodeWriter(open(output, 'a'), delimiter='|')
IOError: [Errno 2] No such file or directory: '/home/kaitlin/envs/retinaburner/retinaburner/retinaburner/usaspending/downloads/csvs/out/contracts_2013.csv'
2013-11-06 13:58:33,866 - convert_usaspending_contracts - INFO - Finished.
2013-11-06 13:59:42,256 - convert_usaspending_contracts - INFO - Starting Command
2013-11-06 13:59:42,256 - convert_usaspending_contracts - INFO - Found file 2013_All_Contracts_Delta_20130917.csv
2013-11-06 13:59:42,257 - convert_usaspending_contracts - INFO - Starting...
2013-11-06 14:01:37,607 - convert_usaspending_contracts - DEBUG - value 'P.O BOX 5175, AMMAN 11183' for field 'zipcode' is too long.
2013-11-06 14:01:41,057 - convert_usaspending_contracts - ERROR - Unexpected error:
Traceback (most recent call last):
  File "/home/kaitlin/envs/retinaburner/retinaburner/retinaburner/usaspending/management/base/importer.py", line 78, in main_loop
    file_func(file_path)
  File "/home/kaitlin/envs/retinaburner/retinaburner/retinaburner/usaspending/management/base/usaspending_importer.py", line 47, in do_for_file
    self.archive_file(file_path, True)
  File "/home/kaitlin/envs/retinaburner/retinaburner/retinaburner/usaspending/management/base/importer.py", line 148, in archive_file
    raise CommandError("Tried to archive file, but DONE directory doesn't exist: {0}".format(os.path.abspath(self.DONE_DIR)))
CommandError: Tried to archive file, but DONE directory doesn't exist: /home/kaitlin/envs/retinaburner/retinaburner/retinaburner/usaspending/downloads/csvs/done
2013-11-06 14:01:41,409 - convert_usaspending_contracts - INFO - Finished.
2013-11-06 14:12:11,891 - convert_usaspending_contracts - INFO - Starting Command
2013-11-06 14:12:11,891 - convert_usaspending_contracts - INFO - Found file 2013_All_Contracts_Delta_20131015.csv
2013-11-06 14:12:11,892 - convert_usaspending_contracts - INFO - File last modified time is too recent. Skipping.
2013-11-06 14:12:11,892 - convert_usaspending_contracts - INFO - Found file 2013_All_Contracts_Delta_20130917.csv
2013-11-06 14:12:11,892 - convert_usaspending_contracts - INFO - File last modified time is too recent. Skipping.
2013-11-06 14:12:11,892 - convert_usaspending_contracts - INFO - Finished.
2013-11-06 14:15:02,834 - convert_usaspending_contracts - INFO - Starting Command
2013-11-06 14:15:02,834 - convert_usaspending_contracts - INFO - Found file 2013_All_Contracts_Delta_20131015.csv
2013-11-06 14:15:02,835 - convert_usaspending_contracts - INFO - Starting...
2013-11-06 14:15:23,993 - convert_usaspending_contracts - DEBUG - value '919469992018666667249' for field 'faxno' is too long.
2013-11-06 14:16:24,394 - convert_usaspending_contracts - DEBUG - value '0000000000000000000000' for field 'faxno' is too long.
2013-11-06 14:17:51,420 - convert_usaspending_contracts - INFO - Done.
2013-11-06 14:17:51,420 - convert_usaspending_contracts - INFO - Found file 2013_All_Contracts_Delta_20130917.csv
2013-11-06 14:17:51,420 - convert_usaspending_contracts - INFO - Starting...
2013-11-06 14:19:49,377 - convert_usaspending_contracts - DEBUG - value 'P.O BOX 5175, AMMAN 11183' for field 'zipcode' is too long.
2013-11-06 14:19:55,165 - convert_usaspending_contracts - INFO - Done.
2013-11-06 14:19:55,198 - convert_usaspending_contracts - INFO - Finished.
